c:\users\think\documents\visual studio 2017\projects\cg-final\cg-final\x64\debug\vc141.pdb
c:\users\think\documents\visual studio 2017\projects\cg-final\cg-final\x64\debug\vc141.idb
c:\users\think\documents\visual studio 2017\projects\cg-final\cg-final\x64\debug\stb_image.obj
c:\users\think\documents\visual studio 2017\projects\cg-final\cg-final\x64\debug\program.obj
c:\users\think\documents\visual studio 2017\projects\cg-final\cg-final\x64\debug\texture.obj
c:\users\think\documents\visual studio 2017\projects\cg-final\cg-final\x64\debug\shader.obj
c:\users\think\documents\visual studio 2017\projects\cg-final\cg-final\x64\debug\resource_manager.obj
c:\users\think\documents\visual studio 2017\projects\cg-final\cg-final\x64\debug\game_object.obj
c:\users\think\documents\visual studio 2017\projects\cg-final\cg-final\x64\debug\game.obj
c:\users\think\documents\visual studio 2017\projects\cg-final\cg-final\x64\debug\glad.obj
c:\users\think\documents\visual studio 2017\projects\cg-final\x64\debug\cg-final.exe
c:\users\think\documents\visual studio 2017\projects\cg-final\x64\debug\cg-final.ilk
c:\users\think\documents\visual studio 2017\projects\cg-final\x64\debug\cg-final.pdb
c:\users\think\documents\visual studio 2017\projects\cg-final\cg-final\x64\debug\game.obj.enc
c:\users\think\documents\visual studio 2017\projects\cg-final\cg-final\x64\debug\cg-final.tlog\cl.command.1.tlog
c:\users\think\documents\visual studio 2017\projects\cg-final\cg-final\x64\debug\cg-final.tlog\cl.read.1.tlog
c:\users\think\documents\visual studio 2017\projects\cg-final\cg-final\x64\debug\cg-final.tlog\cl.write.1.tlog
c:\users\think\documents\visual studio 2017\projects\cg-final\cg-final\x64\debug\cg-final.tlog\link.command.1.tlog
c:\users\think\documents\visual studio 2017\projects\cg-final\cg-final\x64\debug\cg-final.tlog\link.read.1.tlog
c:\users\think\documents\visual studio 2017\projects\cg-final\cg-final\x64\debug\cg-final.tlog\link.write.1.tlog
