  game.cpp
c:\users\think\desktop\大三下\computer graphic\cg-final\cg-finalproject\cg-final\includes\cgfinalheader\model\mesh.h(90): warning C4267: “参数”: 从“size_t”转换到“GLsizei”，可能丢失数据
  custom_object.cpp
  resource_manager.cpp
c:\users\think\desktop\大三下\computer graphic\cg-final\cg-finalproject\cg-final\includes\cgfinalheader\model\mesh.h(90): warning C4267: “参数”: 从“size_t”转换到“GLsizei”，可能丢失数据
c:\users\think\desktop\大三下\computer graphic\cg-final\cg-finalproject\cg-final\src\cgfinalcpp\resource_manager.cpp(121): warning C4101: “format”: 未引用的局部变量
  shader.cpp
  texture.cpp
  program.cpp
c:\users\think\desktop\大三下\computer graphic\cg-final\cg-finalproject\cg-final\includes\cgfinalheader\model\mesh.h(90): warning C4267: “参数”: 从“size_t”转换到“GLsizei”，可能丢失数据
c:\users\think\desktop\大三下\computer graphic\cg-final\cg-finalproject\cg-final\src\program.cpp(200): warning C4244: “=”: 从“double”转换到“GLfloat”，可能丢失数据
c:\users\think\desktop\大三下\computer graphic\cg-final\cg-finalproject\cg-final\src\program.cpp(201): warning C4244: “=”: 从“double”转换到“GLfloat”，可能丢失数据
c:\users\think\desktop\大三下\computer graphic\cg-final\cg-finalproject\cg-final\src\program.cpp(205): warning C4244: “初始化”: 从“double”转换到“float”，可能丢失数据
c:\users\think\desktop\大三下\computer graphic\cg-final\cg-finalproject\cg-final\src\program.cpp(206): warning C4244: “初始化”: 从“double”转换到“float”，可能丢失数据
c:\users\think\desktop\大三下\computer graphic\cg-final\cg-finalproject\cg-final\src\program.cpp(208): warning C4244: “=”: 从“double”转换到“GLfloat”，可能丢失数据
c:\users\think\desktop\大三下\computer graphic\cg-final\cg-finalproject\cg-final\src\program.cpp(209): warning C4244: “=”: 从“double”转换到“GLfloat”，可能丢失数据
c:\users\think\desktop\大三下\computer graphic\cg-final\cg-finalproject\cg-final\src\program.cpp(220): warning C4244: “参数”: 从“double”转换到“float”，可能丢失数据
  stb_image.cpp
  正在生成代码...
  glad.c
glfw3.lib(context.obj) : warning LNK4099: 未找到 PDB“glfw.pdb”(使用“glfw3.lib(context.obj)”或在“C:\Users\Think\Desktop\大三下\Computer Graphic\CG-Final\CG-FinalProject\x64\Debug\glfw.pdb”中寻找)；正在链接对象，如同没有调试信息一样
glfw3.lib(init.obj) : warning LNK4099: 未找到 PDB“glfw.pdb”(使用“glfw3.lib(init.obj)”或在“C:\Users\Think\Desktop\大三下\Computer Graphic\CG-Final\CG-FinalProject\x64\Debug\glfw.pdb”中寻找)；正在链接对象，如同没有调试信息一样
glfw3.lib(input.obj) : warning LNK4099: 未找到 PDB“glfw.pdb”(使用“glfw3.lib(input.obj)”或在“C:\Users\Think\Desktop\大三下\Computer Graphic\CG-Final\CG-FinalProject\x64\Debug\glfw.pdb”中寻找)；正在链接对象，如同没有调试信息一样
glfw3.lib(monitor.obj) : warning LNK4099: 未找到 PDB“glfw.pdb”(使用“glfw3.lib(monitor.obj)”或在“C:\Users\Think\Desktop\大三下\Computer Graphic\CG-Final\CG-FinalProject\x64\Debug\glfw.pdb”中寻找)；正在链接对象，如同没有调试信息一样
glfw3.lib(vulkan.obj) : warning LNK4099: 未找到 PDB“glfw.pdb”(使用“glfw3.lib(vulkan.obj)”或在“C:\Users\Think\Desktop\大三下\Computer Graphic\CG-Final\CG-FinalProject\x64\Debug\glfw.pdb”中寻找)；正在链接对象，如同没有调试信息一样
glfw3.lib(window.obj) : warning LNK4099: 未找到 PDB“glfw.pdb”(使用“glfw3.lib(window.obj)”或在“C:\Users\Think\Desktop\大三下\Computer Graphic\CG-Final\CG-FinalProject\x64\Debug\glfw.pdb”中寻找)；正在链接对象，如同没有调试信息一样
glfw3.lib(win32_init.obj) : warning LNK4099: 未找到 PDB“glfw.pdb”(使用“glfw3.lib(win32_init.obj)”或在“C:\Users\Think\Desktop\大三下\Computer Graphic\CG-Final\CG-FinalProject\x64\Debug\glfw.pdb”中寻找)；正在链接对象，如同没有调试信息一样
glfw3.lib(win32_joystick.obj) : warning LNK4099: 未找到 PDB“glfw.pdb”(使用“glfw3.lib(win32_joystick.obj)”或在“C:\Users\Think\Desktop\大三下\Computer Graphic\CG-Final\CG-FinalProject\x64\Debug\glfw.pdb”中寻找)；正在链接对象，如同没有调试信息一样
glfw3.lib(win32_monitor.obj) : warning LNK4099: 未找到 PDB“glfw.pdb”(使用“glfw3.lib(win32_monitor.obj)”或在“C:\Users\Think\Desktop\大三下\Computer Graphic\CG-Final\CG-FinalProject\x64\Debug\glfw.pdb”中寻找)；正在链接对象，如同没有调试信息一样
glfw3.lib(win32_time.obj) : warning LNK4099: 未找到 PDB“glfw.pdb”(使用“glfw3.lib(win32_time.obj)”或在“C:\Users\Think\Desktop\大三下\Computer Graphic\CG-Final\CG-FinalProject\x64\Debug\glfw.pdb”中寻找)；正在链接对象，如同没有调试信息一样
glfw3.lib(win32_tls.obj) : warning LNK4099: 未找到 PDB“glfw.pdb”(使用“glfw3.lib(win32_tls.obj)”或在“C:\Users\Think\Desktop\大三下\Computer Graphic\CG-Final\CG-FinalProject\x64\Debug\glfw.pdb”中寻找)；正在链接对象，如同没有调试信息一样
glfw3.lib(win32_window.obj) : warning LNK4099: 未找到 PDB“glfw.pdb”(使用“glfw3.lib(win32_window.obj)”或在“C:\Users\Think\Desktop\大三下\Computer Graphic\CG-Final\CG-FinalProject\x64\Debug\glfw.pdb”中寻找)；正在链接对象，如同没有调试信息一样
glfw3.lib(wgl_context.obj) : warning LNK4099: 未找到 PDB“glfw.pdb”(使用“glfw3.lib(wgl_context.obj)”或在“C:\Users\Think\Desktop\大三下\Computer Graphic\CG-Final\CG-FinalProject\x64\Debug\glfw.pdb”中寻找)；正在链接对象，如同没有调试信息一样
glfw3.lib(egl_context.obj) : warning LNK4099: 未找到 PDB“glfw.pdb”(使用“glfw3.lib(egl_context.obj)”或在“C:\Users\Think\Desktop\大三下\Computer Graphic\CG-Final\CG-FinalProject\x64\Debug\glfw.pdb”中寻找)；正在链接对象，如同没有调试信息一样
  CG-Final.vcxproj -> C:\Users\Think\Desktop\大三下\Computer Graphic\CG-Final\CG-FinalProject\x64\Debug\CG-Final.exe
